2016/06/24 08:19:01.163 +0000 ERROR [AzkabanWebServer] [Azkaban] Starting Jetty Azkaban Executor...
2016/06/24 08:19:01.182 +0000 INFO [AzkabanServer] [Azkaban] Loading azkaban settings file from bin/../conf
2016/06/24 08:19:01.182 +0000 INFO [AzkabanServer] [Azkaban] Loading azkaban properties file
2016/06/24 08:19:01.192 +0000 INFO [AzkabanWebServer] [Azkaban] Setting up Jetty Https Server with port:9443 and numThreads:25
2016/06/24 08:19:01.248 +0000 INFO [AzkabanWebServer] [Azkaban] Loading user manager class azkaban.user.XmlUserManager
2016/06/24 08:19:51.467 +0000 ERROR [AzkabanWebServer] [Azkaban] Starting Jetty Azkaban Executor...
2016/06/24 08:19:51.486 +0000 INFO [AzkabanServer] [Azkaban] Loading azkaban settings file from bin/../conf
2016/06/24 08:19:51.487 +0000 INFO [AzkabanServer] [Azkaban] Loading azkaban properties file
2016/06/24 08:19:51.497 +0000 INFO [AzkabanWebServer] [Azkaban] Setting up Jetty Https Server with port:9443 and numThreads:25
2016/06/24 08:19:51.552 +0000 INFO [AzkabanWebServer] [Azkaban] Loading user manager class azkaban.user.XmlUserManager
2016/06/24 08:19:51.848 +0000 INFO [AzkabanWebServer] [Azkaban] Loading JDBC for project management
2016/06/24 08:19:51.948 +0000 INFO [AzkabanWebServer] [Azkaban] Loading built-in checker and action types
2016/06/24 08:19:51.953 +0000 INFO [AzkabanWebServer] [Azkaban] Loading trigger based scheduler
2016/06/24 08:19:51.956 +0000 INFO [AzkabanWebServer] [Azkaban] Loading plug-in checker and action types
2016/06/24 08:19:51.956 +0000 ERROR [AzkabanWebServer] [Azkaban] plugin path plugins/triggers doesn't exist!
2016/06/24 08:19:51.962 +0000 INFO [AzkabanWebServer] [Azkaban] Setting timezone to America/Los_Angeles
2016/06/24 08:19:51.962 +0000 INFO [AzkabanWebServer] [Azkaban] Registering MBeans...
2016/06/24 08:19:51.980 +0000 INFO [AzkabanWebServer] [Azkaban] Bean azkaban.jmx.JmxJettyServer registered.
2016/06/24 08:19:51.983 +0000 INFO [AzkabanWebServer] [Azkaban] Bean azkaban.jmx.JmxTriggerManager registered.
2016/06/24 08:19:51.985 +0000 INFO [AzkabanWebServer] [Azkaban] Bean azkaban.jmx.JmxExecutorManager registered.
2016/06/24 08:19:51.987 +0000 INFO [AzkabanWebServer] [Azkaban] Setting up web resource dir web/
2016/06/24 08:19:52.171 +0000 INFO [AzkabanWebServer] [Azkaban] Server running on ssl port 9443.
2016/06/24 08:20:44.482 +0000 INFO [LoginAbstractAzkabanServlet] [Azkaban] Session id b8f3a1b8-ef75-4ecf-b16a-d921b944db6e
2016/06/24 08:20:53.599 +0000 INFO [LoginAbstractAzkabanServlet] [Azkaban] Session id b8f3a1b8-ef75-4ecf-b16a-d921b944db6e
2016/06/24 08:20:53.891 +0000 INFO [LoginAbstractAzkabanServlet] [Azkaban] Session id 6af0c2e2-ac07-4268-82f7-f2cae735c1b3
2016/06/24 08:20:53.891 +0000 INFO [LoginAbstractAzkabanServlet] [Azkaban] Found session azkaban: [azkaban,]
2016/06/24 08:20:56.097 +0000 INFO [LoginAbstractAzkabanServlet] [Azkaban] Session id 6af0c2e2-ac07-4268-82f7-f2cae735c1b3
2016/06/24 08:20:56.097 +0000 INFO [LoginAbstractAzkabanServlet] [Azkaban] Found session azkaban: [azkaban,]
2016/06/24 08:20:59.833 +0000 INFO [LoginAbstractAzkabanServlet] [Azkaban] Session id 6af0c2e2-ac07-4268-82f7-f2cae735c1b3
2016/06/24 08:20:59.833 +0000 INFO [LoginAbstractAzkabanServlet] [Azkaban] Found session azkaban: [azkaban,]
2016/06/24 08:21:00.209 +0000 INFO [LoginAbstractAzkabanServlet] [Azkaban] Session id 6af0c2e2-ac07-4268-82f7-f2cae735c1b3
2016/06/24 08:21:00.209 +0000 INFO [LoginAbstractAzkabanServlet] [Azkaban] Found session azkaban: [azkaban,]
2016/06/24 08:21:05.055 +0000 INFO [LoginAbstractAzkabanServlet] [Azkaban] Session id 6af0c2e2-ac07-4268-82f7-f2cae735c1b3
2016/06/24 08:21:05.056 +0000 INFO [LoginAbstractAzkabanServlet] [Azkaban] Found session azkaban: [azkaban,]
2016/06/24 08:21:05.887 +0000 INFO [LoginAbstractAzkabanServlet] [Azkaban] Session id 6af0c2e2-ac07-4268-82f7-f2cae735c1b3
2016/06/24 08:21:05.887 +0000 INFO [LoginAbstractAzkabanServlet] [Azkaban] Found session azkaban: [azkaban,]
2016/06/24 08:21:06.375 +0000 INFO [LoginAbstractAzkabanServlet] [Azkaban] Session id 6af0c2e2-ac07-4268-82f7-f2cae735c1b3
2016/06/24 08:21:06.375 +0000 INFO [LoginAbstractAzkabanServlet] [Azkaban] Found session azkaban: [azkaban,]
2016/06/24 08:21:06.696 +0000 INFO [LoginAbstractAzkabanServlet] [Azkaban] Session id 6af0c2e2-ac07-4268-82f7-f2cae735c1b3
2016/06/24 08:21:06.696 +0000 INFO [LoginAbstractAzkabanServlet] [Azkaban] Found session azkaban: [azkaban,]
2016/06/24 08:21:07.024 +0000 INFO [LoginAbstractAzkabanServlet] [Azkaban] Session id 6af0c2e2-ac07-4268-82f7-f2cae735c1b3
2016/06/24 08:21:07.024 +0000 INFO [LoginAbstractAzkabanServlet] [Azkaban] Found session azkaban: [azkaban,]
2016/06/24 08:21:07.496 +0000 INFO [LoginAbstractAzkabanServlet] [Azkaban] Session id 6af0c2e2-ac07-4268-82f7-f2cae735c1b3
2016/06/24 08:21:07.497 +0000 INFO [LoginAbstractAzkabanServlet] [Azkaban] Found session azkaban: [azkaban,]
2016/06/24 08:21:07.534 +0000 INFO [LoginAbstractAzkabanServlet] [Azkaban] Session id 6af0c2e2-ac07-4268-82f7-f2cae735c1b3
2016/06/24 08:21:07.534 +0000 INFO [LoginAbstractAzkabanServlet] [Azkaban] Found session azkaban: [azkaban,]
2016/06/24 08:21:08.065 +0000 INFO [LoginAbstractAzkabanServlet] [Azkaban] Session id 6af0c2e2-ac07-4268-82f7-f2cae735c1b3
2016/06/24 08:21:08.065 +0000 INFO [LoginAbstractAzkabanServlet] [Azkaban] Found session azkaban: [azkaban,]
2016/06/24 08:21:08.377 +0000 INFO [LoginAbstractAzkabanServlet] [Azkaban] Session id 6af0c2e2-ac07-4268-82f7-f2cae735c1b3
2016/06/24 08:21:08.377 +0000 INFO [LoginAbstractAzkabanServlet] [Azkaban] Found session azkaban: [azkaban,]
2016/06/24 08:21:09.504 +0000 INFO [LoginAbstractAzkabanServlet] [Azkaban] Session id 6af0c2e2-ac07-4268-82f7-f2cae735c1b3
2016/06/24 08:21:09.504 +0000 INFO [LoginAbstractAzkabanServlet] [Azkaban] Found session azkaban: [azkaban,]
2016/06/24 08:21:10.425 +0000 INFO [LoginAbstractAzkabanServlet] [Azkaban] Session id 6af0c2e2-ac07-4268-82f7-f2cae735c1b3
2016/06/24 08:21:10.426 +0000 INFO [LoginAbstractAzkabanServlet] [Azkaban] Found session azkaban: [azkaban,]
2016/06/24 08:21:10.562 +0000 INFO [LoginAbstractAzkabanServlet] [Azkaban] Session id 6af0c2e2-ac07-4268-82f7-f2cae735c1b3
2016/06/24 08:21:10.562 +0000 INFO [LoginAbstractAzkabanServlet] [Azkaban] Found session azkaban: [azkaban,]
2016/06/24 08:21:17.429 +0000 INFO [LoginAbstractAzkabanServlet] [Azkaban] Session id 6af0c2e2-ac07-4268-82f7-f2cae735c1b3
2016/06/24 08:21:17.429 +0000 INFO [ProjectManagerServlet] [Azkaban] Create project Test
2016/06/24 08:21:17.512 +0000 INFO [LoginAbstractAzkabanServlet] [Azkaban] Session id 6af0c2e2-ac07-4268-82f7-f2cae735c1b3
2016/06/24 08:21:17.512 +0000 INFO [LoginAbstractAzkabanServlet] [Azkaban] Found session azkaban: [azkaban,]
2016/06/24 08:21:23.262 +0000 INFO [LoginAbstractAzkabanServlet] [Azkaban] Session id 6af0c2e2-ac07-4268-82f7-f2cae735c1b3
2016/06/24 08:21:23.275 +0000 INFO [ProjectManagerServlet] [Azkaban] Uploading file test.zip
2016/06/24 08:21:23.351 +0000 INFO [LoginAbstractAzkabanServlet] [Azkaban] Session id 6af0c2e2-ac07-4268-82f7-f2cae735c1b3
2016/06/24 08:21:23.351 +0000 INFO [LoginAbstractAzkabanServlet] [Azkaban] Found session azkaban: [azkaban,]
2016/06/24 08:21:24.740 +0000 INFO [LoginAbstractAzkabanServlet] [Azkaban] Session id 6af0c2e2-ac07-4268-82f7-f2cae735c1b3
2016/06/24 08:21:24.740 +0000 INFO [LoginAbstractAzkabanServlet] [Azkaban] Found session azkaban: [azkaban,]
2016/06/24 08:21:24.741 +0000 INFO [LoginAbstractAzkabanServlet] [Azkaban] Session id 6af0c2e2-ac07-4268-82f7-f2cae735c1b3
2016/06/24 08:21:24.742 +0000 INFO [LoginAbstractAzkabanServlet] [Azkaban] Found session azkaban: [azkaban,]
2016/06/24 08:21:25.844 +0000 INFO [LoginAbstractAzkabanServlet] [Azkaban] Session id 6af0c2e2-ac07-4268-82f7-f2cae735c1b3
2016/06/24 08:21:25.847 +0000 INFO [LoginAbstractAzkabanServlet] [Azkaban] Found session azkaban: [azkaban,]
2016/06/24 08:21:27.413 +0000 INFO [LoginAbstractAzkabanServlet] [Azkaban] Session id 6af0c2e2-ac07-4268-82f7-f2cae735c1b3
2016/06/24 08:21:27.413 +0000 INFO [LoginAbstractAzkabanServlet] [Azkaban] Found session azkaban: [azkaban,]
2016/06/24 08:21:28.651 +0000 INFO [LoginAbstractAzkabanServlet] [Azkaban] Session id 6af0c2e2-ac07-4268-82f7-f2cae735c1b3
2016/06/24 08:21:28.651 +0000 INFO [LoginAbstractAzkabanServlet] [Azkaban] Found session azkaban: [azkaban,]
2016/06/24 08:21:28.709 +0000 INFO [LoginAbstractAzkabanServlet] [Azkaban] Session id 6af0c2e2-ac07-4268-82f7-f2cae735c1b3
2016/06/24 08:21:28.709 +0000 INFO [LoginAbstractAzkabanServlet] [Azkaban] Found session azkaban: [azkaban,]
2016/06/24 08:21:28.774 +0000 INFO [LoginAbstractAzkabanServlet] [Azkaban] Session id 6af0c2e2-ac07-4268-82f7-f2cae735c1b3
2016/06/24 08:21:28.774 +0000 INFO [LoginAbstractAzkabanServlet] [Azkaban] Found session azkaban: [azkaban,]
2016/06/24 08:21:28.775 +0000 INFO [LoginAbstractAzkabanServlet] [Azkaban] Session id 6af0c2e2-ac07-4268-82f7-f2cae735c1b3
2016/06/24 08:21:28.775 +0000 INFO [LoginAbstractAzkabanServlet] [Azkaban] Found session azkaban: [azkaban,]
2016/06/24 08:21:31.320 +0000 INFO [LoginAbstractAzkabanServlet] [Azkaban] Session id 6af0c2e2-ac07-4268-82f7-f2cae735c1b3
2016/06/24 08:21:31.320 +0000 INFO [LoginAbstractAzkabanServlet] [Azkaban] Found session azkaban: [azkaban,]
2016/06/24 08:21:31.945 +0000 INFO [LoginAbstractAzkabanServlet] [Azkaban] Session id 6af0c2e2-ac07-4268-82f7-f2cae735c1b3
2016/06/24 08:21:31.945 +0000 INFO [LoginAbstractAzkabanServlet] [Azkaban] Found session azkaban: [azkaban,]
2016/06/24 08:21:32.025 +0000 INFO [LoginAbstractAzkabanServlet] [Azkaban] Session id 6af0c2e2-ac07-4268-82f7-f2cae735c1b3
2016/06/24 08:21:32.025 +0000 INFO [LoginAbstractAzkabanServlet] [Azkaban] Found session azkaban: [azkaban,]
2016/06/24 08:21:41.115 +0000 INFO [LoginAbstractAzkabanServlet] [Azkaban] Session id 6af0c2e2-ac07-4268-82f7-f2cae735c1b3
2016/06/24 08:21:41.115 +0000 INFO [LoginAbstractAzkabanServlet] [Azkaban] Found session azkaban: [azkaban,]
2016/06/24 08:21:41.158 +0000 INFO [LoginAbstractAzkabanServlet] [Azkaban] Session id 6af0c2e2-ac07-4268-82f7-f2cae735c1b3
2016/06/24 08:21:41.158 +0000 INFO [LoginAbstractAzkabanServlet] [Azkaban] Found session azkaban: [azkaban,]
2016/06/24 08:21:51.047 +0000 INFO [LoginAbstractAzkabanServlet] [Azkaban] Session id 6af0c2e2-ac07-4268-82f7-f2cae735c1b3
2016/06/24 08:21:51.047 +0000 INFO [LoginAbstractAzkabanServlet] [Azkaban] Found session azkaban: [azkaban,]
2016/06/24 08:21:55.966 +0000 INFO [LoginAbstractAzkabanServlet] [Azkaban] Session id 6af0c2e2-ac07-4268-82f7-f2cae735c1b3
2016/06/24 08:21:55.967 +0000 INFO [LoginAbstractAzkabanServlet] [Azkaban] Found session azkaban: [azkaban,]
2016/06/24 08:21:56.006 +0000 INFO [LoginAbstractAzkabanServlet] [Azkaban] Session id 6af0c2e2-ac07-4268-82f7-f2cae735c1b3
2016/06/24 08:21:56.006 +0000 INFO [LoginAbstractAzkabanServlet] [Azkaban] Found session azkaban: [azkaban,]
2016/06/24 08:21:57.982 +0000 INFO [LoginAbstractAzkabanServlet] [Azkaban] Session id 6af0c2e2-ac07-4268-82f7-f2cae735c1b3
2016/06/24 08:21:57.982 +0000 INFO [LoginAbstractAzkabanServlet] [Azkaban] Found session azkaban: [azkaban,]
2016/06/24 08:21:59.914 +0000 INFO [LoginAbstractAzkabanServlet] [Azkaban] Session id 6af0c2e2-ac07-4268-82f7-f2cae735c1b3
2016/06/24 08:21:59.914 +0000 INFO [LoginAbstractAzkabanServlet] [Azkaban] Found session azkaban: [azkaban,]
2016/06/24 08:21:59.953 +0000 INFO [LoginAbstractAzkabanServlet] [Azkaban] Session id 6af0c2e2-ac07-4268-82f7-f2cae735c1b3
2016/06/24 08:21:59.953 +0000 INFO [LoginAbstractAzkabanServlet] [Azkaban] Found session azkaban: [azkaban,]
2016/06/24 08:21:59.991 +0000 INFO [LoginAbstractAzkabanServlet] [Azkaban] Session id 6af0c2e2-ac07-4268-82f7-f2cae735c1b3
2016/06/24 08:21:59.991 +0000 INFO [LoginAbstractAzkabanServlet] [Azkaban] Found session azkaban: [azkaban,]
2016/06/24 08:22:01.608 +0000 INFO [LoginAbstractAzkabanServlet] [Azkaban] Session id 6af0c2e2-ac07-4268-82f7-f2cae735c1b3
2016/06/24 08:22:01.608 +0000 INFO [LoginAbstractAzkabanServlet] [Azkaban] Found session azkaban: [azkaban,]
2016/06/24 08:22:02.406 +0000 INFO [LoginAbstractAzkabanServlet] [Azkaban] Session id 6af0c2e2-ac07-4268-82f7-f2cae735c1b3
2016/06/24 08:22:02.407 +0000 INFO [LoginAbstractAzkabanServlet] [Azkaban] Found session azkaban: [azkaban,]
2016/06/24 08:22:02.738 +0000 INFO [LoginAbstractAzkabanServlet] [Azkaban] Session id 6af0c2e2-ac07-4268-82f7-f2cae735c1b3
2016/06/24 08:22:02.738 +0000 INFO [LoginAbstractAzkabanServlet] [Azkaban] Found session azkaban: [azkaban,]
